<?xml version="1.0" encoding="UTF-8"?>
<!-- Generated by org.testng.reporters.JUnitReportReporter -->
<testsuite hostname="FVFF75WVQ05N" failures="0" tests="1" name="Test1" time="3.475" errors="0" timestamp="2023-08-23T07:00:10 IST" skipped="0">
  <testcase classname="Test1" name="get" time="3.475"/>
  <system-out/>
</testsuite> <!-- Test1 -->
