<?xml version="1.0" encoding="UTF-8"?>
<!-- Generated by org.testng.reporters.JUnitReportReporter -->
<testsuite hostname="FVFF75WVQ05N" failures="0" tests="1" name="Test_Get_Post" time="3.068" errors="0" timestamp="2023-08-25T14:35:01 IST" skipped="0">
  <testcase classname="Test_Get_Post" name="test_Post" time="3.068"/>
  <system-out/>
</testsuite> <!-- Test_Get_Post -->
