<?xml version="1.0" encoding="UTF-8"?>
<!-- Generated by org.testng.reporters.JUnitReportReporter -->
<testsuite hostname="FVFF75WVQ05N" failures="0" tests="1" name="Get" time="3.191" errors="0" timestamp="2023-08-23T06:27:18 IST" skipped="0">
  <testcase classname="Get" name="test_2" time="3.191"/>
  <system-out/>
</testsuite> <!-- Get -->
